
=== Prediction Log 2025-07-05 21:13:07.217616 ===
Input Data:
[{'mouse_movement_units': 306.26, 'typing_speed_cpm': 73.09, 'click_pattern_score': 0.01, 'time_spent_on_page_sec': 22.52, 'scroll_behavior': 0, 'captcha_success': 1, 'form_fill_time_sec': 22.52, 'captcha_time_sec': 8.59}]
Model Probability: 1.0000
Classified as bot: 1

=== Prediction Log 2025-07-05 21:15:55.740746 ===
Input Data:
[{'mouse_movement_units': 1406.62, 'typing_speed_cpm': 128.29, 'click_pattern_score': 0.01, 'time_spent_on_page_sec': 17.39, 'scroll_behavior': 0, 'captcha_success': 1, 'form_fill_time_sec': 17.39, 'captcha_time_sec': 4.01}]
Model Probability: 1.0000
Classified as bot: 1

=== Prediction Log 2025-07-05 21:30:17.190403 ===
Input Data:
[{'mouse_movement_units': 645.05, 'typing_speed_cpm': 164.02, 'click_pattern_score': 0.01, 'time_spent_on_page_sec': 17.27, 'scroll_behavior': 0, 'captcha_success': 1, 'form_fill_time_sec': 17.27, 'captcha_time_sec': 3.58}]
Model Probability: 0.3330
Classified as bot: 0

=== Prediction Log 2025-07-05 21:30:48.454979 ===
Input Data:
[{'mouse_movement_units': 0.0, 'typing_speed_cpm': 285.53, 'click_pattern_score': 0.01, 'time_spent_on_page_sec': 16.75, 'scroll_behavior': 0, 'captcha_success': 1, 'form_fill_time_sec': 16.75, 'captcha_time_sec': 0.01}]
Model Probability: 0.8440
Classified as bot: 1

=== Prediction Log 2025-07-05 21:31:08.297965 ===
Input Data:
[{'mouse_movement_units': 0.0, 'typing_speed_cpm': 311.4, 'click_pattern_score': 0.01, 'time_spent_on_page_sec': 15.8, 'scroll_behavior': 0, 'captcha_success': 1, 'form_fill_time_sec': 15.8, 'captcha_time_sec': 0.01}]
Model Probability: 0.8468
Classified as bot: 1

=== Prediction Log 2025-07-05 21:31:27.153394 ===
Input Data:
[{'mouse_movement_units': 0.0, 'typing_speed_cpm': 296.45, 'click_pattern_score': 0.01, 'time_spent_on_page_sec': 14.54, 'scroll_behavior': 0, 'captcha_success': 1, 'form_fill_time_sec': 14.54, 'captcha_time_sec': 0.0}]
Model Probability: 0.8484
Classified as bot: 1

=== Prediction Log 2025-07-05 21:31:45.497856 ===
Input Data:
[{'mouse_movement_units': 0.0, 'typing_speed_cpm': 300.2, 'click_pattern_score': 0.01, 'time_spent_on_page_sec': 14.43, 'scroll_behavior': 0, 'captcha_success': 1, 'form_fill_time_sec': 14.43, 'captcha_time_sec': 0.01}]
Model Probability: 0.8479
Classified as bot: 1

=== Prediction Log 2025-07-05 21:32:04.155127 ===
Input Data:
[{'mouse_movement_units': 0.0, 'typing_speed_cpm': 307.82, 'click_pattern_score': 0.01, 'time_spent_on_page_sec': 14.49, 'scroll_behavior': 0, 'captcha_success': 1, 'form_fill_time_sec': 14.49, 'captcha_time_sec': 0.01}]
Model Probability: 0.8482
Classified as bot: 1

=== Prediction Log 2025-07-05 21:41:22.319149 ===
Input Data:
[{'mouse_movement_units': 1039.23, 'typing_speed_cpm': 48.19, 'click_pattern_score': 0.01, 'time_spent_on_page_sec': 29.96, 'scroll_behavior': 0, 'captcha_success': 1, 'form_fill_time_sec': 29.96, 'captcha_time_sec': 4.51}]
Model Probability: 0.1706
Classified as bot: 0

=== Prediction Log 2025-07-05 21:41:28.434772 ===
Input Data:
[{'mouse_movement_units': 1254.07, 'typing_speed_cpm': 48.19, 'click_pattern_score': 0.01, 'time_spent_on_page_sec': 36.18, 'scroll_behavior': 0, 'captcha_success': 1, 'form_fill_time_sec': 36.18, 'captcha_time_sec': 4.51}]
Model Probability: 0.1544
Classified as bot: 0

=== Prediction Log 2025-07-05 21:42:05.473474 ===
Input Data:
[{'mouse_movement_units': 2570.18, 'typing_speed_cpm': 402.53, 'click_pattern_score': 0.01, 'time_spent_on_page_sec': 15.22, 'scroll_behavior': 0, 'captcha_success': 1, 'form_fill_time_sec': 15.22, 'captcha_time_sec': 0.0}]
Model Probability: 0.8193
Classified as bot: 1

=== Prediction Log 2025-07-05 21:42:25.787966 ===
Input Data:
[{'mouse_movement_units': 2583.91, 'typing_speed_cpm': 363.75, 'click_pattern_score': 0.01, 'time_spent_on_page_sec': 16.43, 'scroll_behavior': 0, 'captcha_success': 1, 'form_fill_time_sec': 16.43, 'captcha_time_sec': 0.01}]
Model Probability: 0.8195
Classified as bot: 1

=== Prediction Log 2025-07-05 21:42:46.936537 ===
Input Data:
[{'mouse_movement_units': 0.0, 'typing_speed_cpm': 321.08, 'click_pattern_score': 0.01, 'time_spent_on_page_sec': 17.01, 'scroll_behavior': 0, 'captcha_success': 1, 'form_fill_time_sec': 17.01, 'captcha_time_sec': 0.0}]
Model Probability: 0.9870
Classified as bot: 1

=== Prediction Log 2025-07-05 21:43:06.750291 ===
Input Data:
[{'mouse_movement_units': 0.0, 'typing_speed_cpm': 282.6, 'click_pattern_score': 0.01, 'time_spent_on_page_sec': 15.69, 'scroll_behavior': 0, 'captcha_success': 1, 'form_fill_time_sec': 15.69, 'captcha_time_sec': 0.0}]
Model Probability: 0.9870
Classified as bot: 1

=== Prediction Log 2025-07-05 21:43:26.926276 ===
Input Data:
[{'mouse_movement_units': 0.0, 'typing_speed_cpm': 290.9, 'click_pattern_score': 0.01, 'time_spent_on_page_sec': 16.18, 'scroll_behavior': 0, 'captcha_success': 1, 'form_fill_time_sec': 16.18, 'captcha_time_sec': 0.01}]
Model Probability: 0.9869
Classified as bot: 1

=== Prediction Log 2025-07-05 22:20:54.629080 ===
Input Data:
[{'mouse_movement_units': 937.0, 'typing_speed_cpm': 104.9, 'click_pattern_score': 0.01, 'time_spent_on_page_sec': 19.58, 'scroll_behavior': 0, 'captcha_success': 1, 'form_fill_time_sec': 19.58, 'captcha_time_sec': 5.02}]
Model Probability: 0.3505
Classified as bot: 0

=== Prediction Log 2025-07-05 23:08:04.024789 ===
Input Data:
[{'mouse_movement_units': 1384.57, 'typing_speed_cpm': 86.85, 'click_pattern_score': 0.01, 'time_spent_on_page_sec': 27.38, 'scroll_behavior': 0, 'captcha_success': 1, 'form_fill_time_sec': 27.38, 'captcha_time_sec': 5.82}]
Model Probability: 0.3227
Classified as bot: 0

=== Prediction Log 2025-07-08 10:01:29.060398 ===
Input Data:
[{'mouse_movement_units': 553.75, 'typing_speed_cpm': 263.42, 'click_pattern_score': 0.01, 'time_spent_on_page_sec': 20.59, 'scroll_behavior': 0, 'captcha_success': 1, 'form_fill_time_sec': 20.59, 'captcha_time_sec': 0.01}]
Model Probability: 0.9502
Classified as bot: 1

=== Prediction Log 2025-07-08 10:01:53.350601 ===
Input Data:
[{'mouse_movement_units': 0.0, 'typing_speed_cpm': 181.96, 'click_pattern_score': 0.01, 'time_spent_on_page_sec': 21.21, 'scroll_behavior': 0, 'captcha_success': 1, 'form_fill_time_sec': 21.21, 'captcha_time_sec': 0.01}]
Model Probability: 0.9859
Classified as bot: 1

=== Prediction Log 2025-07-08 10:02:11.914715 ===
Input Data:
[{'mouse_movement_units': 0.0, 'typing_speed_cpm': 366.54, 'click_pattern_score': 0.01, 'time_spent_on_page_sec': 13.41, 'scroll_behavior': 0, 'captcha_success': 1, 'form_fill_time_sec': 13.41, 'captcha_time_sec': 0.01}]
Model Probability: 0.9874
Classified as bot: 1

=== Prediction Log 2025-07-08 10:02:32.551729 ===
Input Data:
[{'mouse_movement_units': 0.0, 'typing_speed_cpm': 262.69, 'click_pattern_score': 0.01, 'time_spent_on_page_sec': 17.44, 'scroll_behavior': 0, 'captcha_success': 1, 'form_fill_time_sec': 17.44, 'captcha_time_sec': 0.04}]
Model Probability: 0.9865
Classified as bot: 1

=== Prediction Log 2025-07-08 10:02:56.048013 ===
Input Data:
[{'mouse_movement_units': 0.0, 'typing_speed_cpm': 238.12, 'click_pattern_score': 0.01, 'time_spent_on_page_sec': 18.98, 'scroll_behavior': 0, 'captcha_success': 1, 'form_fill_time_sec': 18.98, 'captcha_time_sec': 0.01}]
Model Probability: 0.9864
Classified as bot: 1

=== Prediction Log 2025-07-08 10:03:19.009169 ===
Input Data:
[{'mouse_movement_units': 604.55, 'typing_speed_cpm': 206.41, 'click_pattern_score': 0.01, 'time_spent_on_page_sec': 18.44, 'scroll_behavior': 0, 'captcha_success': 1, 'form_fill_time_sec': 18.44, 'captcha_time_sec': 0.02}]
Model Probability: 0.9043
Classified as bot: 1

=== Prediction Log 2025-07-08 10:20:14.649700 ===
Input Data:
[{'mouse_movement_units': 811.74, 'typing_speed_cpm': 300.29, 'click_pattern_score': 0.01, 'time_spent_on_page_sec': 14.9, 'scroll_behavior': 0, 'captcha_success': 1, 'form_fill_time_sec': 14.9, 'captcha_time_sec': 0.02}]
Model Probability: 0.8672
Classified as bot: 1

=== Prediction Log 2025-07-08 10:20:33.299745 ===
Input Data:
[{'mouse_movement_units': 0.0, 'typing_speed_cpm': 342.91, 'click_pattern_score': 0.01, 'time_spent_on_page_sec': 13.91, 'scroll_behavior': 0, 'captcha_success': 1, 'form_fill_time_sec': 13.91, 'captcha_time_sec': 0.01}]
Model Probability: 0.9773
Classified as bot: 1

=== Prediction Log 2025-07-08 10:20:45.316280 ===
Input Data:
[{'mouse_movement_units': 0.0, 'typing_speed_cpm': 538.19, 'click_pattern_score': 0.01, 'time_spent_on_page_sec': 7.72, 'scroll_behavior': 0, 'captcha_success': 1, 'form_fill_time_sec': 7.72, 'captcha_time_sec': 0.01}]
Model Probability: 0.9803
Classified as bot: 1

=== Prediction Log 2025-07-08 10:21:05.554262 ===
Input Data:
[{'mouse_movement_units': 1132.0, 'typing_speed_cpm': 387.02, 'click_pattern_score': 0.01, 'time_spent_on_page_sec': 16.34, 'scroll_behavior': 0, 'captcha_success': 1, 'form_fill_time_sec': 16.34, 'captcha_time_sec': 0.01}]
Model Probability: 0.8695
Classified as bot: 1

=== Prediction Log 2025-07-08 10:22:06.438764 ===
Input Data:
[{'mouse_movement_units': 1775.11, 'typing_speed_cpm': 110.71, 'click_pattern_score': 0.01, 'time_spent_on_page_sec': 19.8, 'scroll_behavior': 0, 'captcha_success': 1, 'form_fill_time_sec': 19.8, 'captcha_time_sec': 4.44}]
Model Probability: 0.1286
Classified as bot: 0

=== Prediction Log 2025-07-10 09:46:12.762135 ===
Input Data:
[{'mouse_movement_units': 1515.02, 'typing_speed_cpm': 268.1, 'click_pattern_score': 0.01, 'time_spent_on_page_sec': 17.49, 'scroll_behavior': 0, 'captcha_success': 1, 'form_fill_time_sec': 17.49, 'captcha_time_sec': 0.0}]
Model Probability: 0.9038
Classified as bot: 1

=== Prediction Log 2025-07-10 09:46:34.519676 ===
Input Data:
[{'mouse_movement_units': 0.0, 'typing_speed_cpm': 274.47, 'click_pattern_score': 0.01, 'time_spent_on_page_sec': 17.92, 'scroll_behavior': 0, 'captcha_success': 1, 'form_fill_time_sec': 17.92, 'captcha_time_sec': 0.01}]
Model Probability: 0.4835
Classified as bot: 1

=== Prediction Log 2025-07-10 09:46:52.682167 ===
Input Data:
[{'mouse_movement_units': 0.0, 'typing_speed_cpm': 262.53, 'click_pattern_score': 0.01, 'time_spent_on_page_sec': 14.09, 'scroll_behavior': 0, 'captcha_success': 1, 'form_fill_time_sec': 14.09, 'captcha_time_sec': 0.0}]
Model Probability: 0.4846
Classified as bot: 1

=== Prediction Log 2025-07-10 09:47:10.059683 ===
Input Data:
[{'mouse_movement_units': 0.0, 'typing_speed_cpm': 385.77, 'click_pattern_score': 0.01, 'time_spent_on_page_sec': 13.31, 'scroll_behavior': 0, 'captcha_success': 1, 'form_fill_time_sec': 13.31, 'captcha_time_sec': 0.0}]
Model Probability: 0.4836
Classified as bot: 1

=== Prediction Log 2025-07-10 09:47:27.593786 ===
Input Data:
[{'mouse_movement_units': 0.0, 'typing_speed_cpm': 426.36, 'click_pattern_score': 0.01, 'time_spent_on_page_sec': 13.46, 'scroll_behavior': 0, 'captcha_success': 1, 'form_fill_time_sec': 13.46, 'captcha_time_sec': 0.01}]
Model Probability: 0.4835
Classified as bot: 1

=== Prediction Log 2025-07-10 09:47:46.334286 ===
Input Data:
[{'mouse_movement_units': 0.0, 'typing_speed_cpm': 380.75, 'click_pattern_score': 0.01, 'time_spent_on_page_sec': 14.64, 'scroll_behavior': 0, 'captcha_success': 1, 'form_fill_time_sec': 14.64, 'captcha_time_sec': 0.0}]
Model Probability: 0.4834
Classified as bot: 1

=== Prediction Log 2025-07-10 10:12:40.170213 ===
Input Data:
[{'mouse_movement_units': 1454.17, 'typing_speed_cpm': 78.34, 'click_pattern_score': 0.01, 'time_spent_on_page_sec': 29.8, 'scroll_behavior': 0, 'captcha_success': 1, 'form_fill_time_sec': 29.8, 'captcha_time_sec': 6.39}]
Model Probability: 0.5107
Classified as bot: 0

=== Prediction Log 2025-07-10 10:13:49.556992 ===
Input Data:
[{'mouse_movement_units': 602.03, 'typing_speed_cpm': 144.15, 'click_pattern_score': 0.01, 'time_spent_on_page_sec': 18.08, 'scroll_behavior': 0, 'captcha_success': 1, 'form_fill_time_sec': 18.08, 'captcha_time_sec': 3.79}]
Model Probability: 0.4984
Classified as bot: 0

=== Prediction Log 2025-07-10 10:14:35.058857 ===
Input Data:
[{'mouse_movement_units': 911.52, 'typing_speed_cpm': 97.27, 'click_pattern_score': 0.01, 'time_spent_on_page_sec': 20.06, 'scroll_behavior': 0, 'captcha_success': 1, 'form_fill_time_sec': 20.06, 'captcha_time_sec': 5.42}]
Model Probability: 0.5082
Classified as bot: 0

=== Prediction Log 2025-07-10 10:15:41.340268 ===
Input Data:
[{'mouse_movement_units': 3210.8, 'typing_speed_cpm': 84.1, 'click_pattern_score': 0.01, 'time_spent_on_page_sec': 57.59, 'scroll_behavior': 0, 'captcha_success': 1, 'form_fill_time_sec': 57.59, 'captcha_time_sec': 8.84}]
Model Probability: 0.5094
Classified as bot: 0

=== Prediction Log 2025-07-10 10:16:19.471981 ===
Input Data:
[{'mouse_movement_units': 0.0, 'typing_speed_cpm': 304.61, 'click_pattern_score': 0.01, 'time_spent_on_page_sec': 14.29, 'scroll_behavior': 0, 'captcha_success': 1, 'form_fill_time_sec': 14.29, 'captcha_time_sec': 0.0}]
Model Probability: 0.4841
Classified as bot: 1

=== Prediction Log 2025-07-10 10:16:36.496123 ===
Input Data:
[{'mouse_movement_units': 0.0, 'typing_speed_cpm': 428.24, 'click_pattern_score': 0.01, 'time_spent_on_page_sec': 12.9, 'scroll_behavior': 0, 'captcha_success': 1, 'form_fill_time_sec': 12.9, 'captcha_time_sec': 0.01}]
Model Probability: 0.4836
Classified as bot: 1

=== Prediction Log 2025-07-10 10:16:56.697751 ===
Input Data:
[{'mouse_movement_units': 0.0, 'typing_speed_cpm': 301.23, 'click_pattern_score': 0.01, 'time_spent_on_page_sec': 15.83, 'scroll_behavior': 0, 'captcha_success': 1, 'form_fill_time_sec': 15.83, 'captcha_time_sec': 0.0}]
Model Probability: 0.9802
Classified as bot: 1

=== Prediction Log 2025-07-10 10:17:14.492706 ===
Input Data:
[{'mouse_movement_units': 0.0, 'typing_speed_cpm': 346.08, 'click_pattern_score': 0.01, 'time_spent_on_page_sec': 13.68, 'scroll_behavior': 0, 'captcha_success': 1, 'form_fill_time_sec': 13.68, 'captcha_time_sec': 0.0}]
Model Probability: 0.9804
Classified as bot: 1

=== Prediction Log 2025-07-10 10:17:33.279075 ===
Input Data:
[{'mouse_movement_units': 0.0, 'typing_speed_cpm': 303.82, 'click_pattern_score': 0.01, 'time_spent_on_page_sec': 14.7, 'scroll_behavior': 0, 'captcha_success': 1, 'form_fill_time_sec': 14.7, 'captcha_time_sec': 0.01}]
Model Probability: 0.9802
Classified as bot: 1

=== Prediction Log 2025-07-10 10:17:54.917305 ===
Input Data:
[{'mouse_movement_units': 0.0, 'typing_speed_cpm': 322.73, 'click_pattern_score': 0.01, 'time_spent_on_page_sec': 17.45, 'scroll_behavior': 0, 'captcha_success': 1, 'form_fill_time_sec': 17.45, 'captcha_time_sec': 0.01}]
Model Probability: 0.9794
Classified as bot: 1

=== Prediction Log 2025-07-10 10:21:36.282740 ===
Input Data:
[{'mouse_movement_units': 683.54, 'typing_speed_cpm': 142.89, 'click_pattern_score': 0.01, 'time_spent_on_page_sec': 15.89, 'scroll_behavior': 0, 'captcha_success': 1, 'form_fill_time_sec': 15.89, 'captcha_time_sec': 5.33}]
Model Probability: 0.3406
Classified as bot: 0

=== Prediction Log 2025-07-21 11:51:02.874870 ===
Input Data:
[{'mouse_movement_units': 2484.28, 'typing_speed_cpm': 306.33, 'click_pattern_score': 0.01, 'time_spent_on_page_sec': 16.33, 'scroll_behavior': 0, 'captcha_success': 1, 'form_fill_time_sec': 16.33, 'captcha_time_sec': 0.01}]
Model Probability: 0.7995
Classified as bot: 1

=== Prediction Log 2025-07-21 11:51:23.663986 ===
Input Data:
[{'mouse_movement_units': 0.0, 'typing_speed_cpm': 228.88, 'click_pattern_score': 0.01, 'time_spent_on_page_sec': 17.08, 'scroll_behavior': 0, 'captcha_success': 1, 'form_fill_time_sec': 17.08, 'captcha_time_sec': 0.01}]
Model Probability: 0.9798
Classified as bot: 1

=== Prediction Log 2025-07-21 11:51:44.203917 ===
Input Data:
[{'mouse_movement_units': 0.0, 'typing_speed_cpm': 332.24, 'click_pattern_score': 0.01, 'time_spent_on_page_sec': 15.97, 'scroll_behavior': 0, 'captcha_success': 1, 'form_fill_time_sec': 15.97, 'captcha_time_sec': 0.01}]
Model Probability: 0.9798
Classified as bot: 1

=== Prediction Log 2025-07-21 11:52:06.266792 ===
Input Data:
[{'mouse_movement_units': 0.0, 'typing_speed_cpm': 324.22, 'click_pattern_score': 0.01, 'time_spent_on_page_sec': 17.09, 'scroll_behavior': 0, 'captcha_success': 1, 'form_fill_time_sec': 17.09, 'captcha_time_sec': 0.01}]
Model Probability: 0.9795
Classified as bot: 1

=== Prediction Log 2025-07-21 11:52:24.879852 ===
Input Data:
[{'mouse_movement_units': 6977.43, 'typing_speed_cpm': 108.2, 'click_pattern_score': 0.01, 'time_spent_on_page_sec': 23.05, 'scroll_behavior': 0, 'captcha_success': 1, 'form_fill_time_sec': 23.05, 'captcha_time_sec': 4.32}]
Model Probability: 0.0147
Classified as bot: 0

=== Prediction Log 2025-07-21 11:52:31.956777 ===
Input Data:
[{'mouse_movement_units': 0.0, 'typing_speed_cpm': 233.3, 'click_pattern_score': 0.01, 'time_spent_on_page_sec': 20.95, 'scroll_behavior': 0, 'captcha_success': 1, 'form_fill_time_sec': 20.95, 'captcha_time_sec': 0.01}]
Model Probability: 0.9779
Classified as bot: 1

=== Prediction Log 2025-07-21 11:52:57.876274 ===
Input Data:
[{'mouse_movement_units': 0.0, 'typing_speed_cpm': 217.72, 'click_pattern_score': 0.01, 'time_spent_on_page_sec': 21.28, 'scroll_behavior': 0, 'captcha_success': 1, 'form_fill_time_sec': 21.28, 'captcha_time_sec': 0.01}]
Model Probability: 0.9778
Classified as bot: 1

=== Prediction Log 2025-07-22 11:12:16.169441 ===
Input Data:
[{'mouse_movement_units': 1130.57, 'typing_speed_cpm': 143.17, 'click_pattern_score': 0.01, 'time_spent_on_page_sec': 18.05, 'scroll_behavior': 0, 'captcha_success': 1, 'form_fill_time_sec': 18.05, 'captcha_time_sec': 3.81}]
Model Probability: 0.1761
Classified as bot: 0

=== Prediction Log 2025-07-22 11:37:54.057561 ===
Input Data:
[{'mouse_movement_units': 2208.68, 'typing_speed_cpm': 70.42, 'click_pattern_score': 0.01, 'time_spent_on_page_sec': 27.9, 'scroll_behavior': 0, 'captcha_success': 1, 'form_fill_time_sec': 27.9, 'captcha_time_sec': 8.0}]
Model Probability: 0.1330
Classified as bot: 0
